[1024/213958.053:ERROR:process_reader_win.cc(123)] NtOpenThread: {Access Denied} A process has requested access to an object, but has not been granted those access rights. (0xc0000022)
[1024/213958.053:ERROR:process_reader_win.cc(123)] NtOpenThread: {Access Denied} A process has requested access to an object, but has not been granted those access rights. (0xc0000022)
[1024/213958.053:ERROR:process_reader_win.cc(123)] NtOpenThread: {Access Denied} A process has requested access to an object, but has not been granted those access rights. (0xc0000022)
[1024/213958.084:ERROR:exception_snapshot_win.cc(99)] thread ID 4324 not found in process
[1024/213958.084:ERROR:exception_snapshot_win.cc(99)] thread ID 14608 not found in process
[1024/213958.084:ERROR:exception_snapshot_win.cc(99)] thread ID 9552 not found in process
[1024/214116.006:ERROR:process_reader_win.cc(123)] NtOpenThread: {Access Denied} A process has requested access to an object, but has not been granted those access rights. (0xc0000022)
[1024/214116.021:ERROR:process_reader_win.cc(123)] NtOpenThread: {Access Denied} A process has requested access to an object, but has not been granted those access rights. (0xc0000022)
[1024/214116.115:ERROR:exception_snapshot_win.cc(99)] thread ID 12060 not found in process
[1024/214116.115:ERROR:exception_snapshot_win.cc(99)] thread ID 13224 not found in process
[1024/214116.115:ERROR:scoped_process_suspend.cc(40)] NtResumeProcess: An attempt was made to access an exiting process. (0xc000010a)
[1025/170705.762:ERROR:process_reader_win.cc(123)] NtOpenThread: {Access Denied} A process has requested access to an object, but has not been granted those access rights. (0xc0000022)
[1025/170705.778:ERROR:process_reader_win.cc(123)] NtOpenThread: {Access Denied} A process has requested access to an object, but has not been granted those access rights. (0xc0000022)
[1025/170705.934:ERROR:exception_snapshot_win.cc(99)] thread ID 12416 not found in process
[1025/170705.934:ERROR:exception_snapshot_win.cc(99)] thread ID 9896 not found in process
[1028/135052.588:ERROR:process_reader_win.cc(123)] NtOpenThread: {Access Denied} A process has requested access to an object, but has not been granted those access rights. (0xc0000022)
[1028/135052.548:ERROR:process_reader_win.cc(123)] NtOpenThread: {Access Denied} A process has requested access to an object, but has not been granted those access rights. (0xc0000022)
[1028/135052.707:ERROR:exception_snapshot_win.cc(99)] thread ID 7692 not found in process
[1028/135052.707:ERROR:exception_snapshot_win.cc(99)] thread ID 9540 not found in process
[1028/140523.705:ERROR:process_reader_win.cc(123)] NtOpenThread: {Access Denied} A process has requested access to an object, but has not been granted those access rights. (0xc0000022)
[1028/140523.707:ERROR:process_reader_win.cc(123)] NtOpenThread: {Access Denied} A process has requested access to an object, but has not been granted those access rights. (0xc0000022)
[1028/140523.881:ERROR:exception_snapshot_win.cc(99)] thread ID 3068 not found in process
[1028/140523.882:ERROR:exception_snapshot_win.cc(99)] thread ID 11160 not found in process
[1028/140615.926:ERROR:process_reader_win.cc(123)] NtOpenThread: {Access Denied} A process has requested access to an object, but has not been granted those access rights. (0xc0000022)
[1028/140615.926:ERROR:process_reader_win.cc(123)] NtOpenThread: {Access Denied} A process has requested access to an object, but has not been granted those access rights. (0xc0000022)
[1028/140616.052:ERROR:exception_snapshot_win.cc(99)] thread ID 7240 not found in process
[1028/140616.052:ERROR:exception_snapshot_win.cc(99)] thread ID 11368 not found in process
[1028/140616.106:ERROR:process_reader_win.cc(123)] NtOpenThread: {Access Denied} A process has requested access to an object, but has not been granted those access rights. (0xc0000022)
[1028/140616.106:ERROR:exception_snapshot_win.cc(99)] thread ID 9456 not found in process
[1028/140814.608:ERROR:process_reader_win.cc(123)] NtOpenThread: {Access Denied} A process has requested access to an object, but has not been granted those access rights. (0xc0000022)
[1028/140814.635:ERROR:exception_snapshot_win.cc(99)] thread ID 8160 not found in process
[1028/140814.649:ERROR:process_reader_win.cc(123)] NtOpenThread: {Access Denied} A process has requested access to an object, but has not been granted those access rights. (0xc0000022)
[1028/140814.649:ERROR:exception_snapshot_win.cc(99)] thread ID 2924 not found in process
[1028/140912.815:ERROR:process_reader_win.cc(151)] SuspendThread: Access is denied. (0x5)
[1028/140912.816:ERROR:process_reader_win.cc(151)] SuspendThread: Access is denied. (0x5)
[1028/140912.816:ERROR:process_reader_win.cc(123)] NtOpenThread: {Access Denied} A process has requested access to an object, but has not been granted those access rights. (0xc0000022)
[1028/140912.817:ERROR:exception_snapshot_win.cc(99)] thread ID 6008 not found in process
[1028/140912.831:ERROR:process_reader_win.cc(123)] NtOpenThread: {Access Denied} A process has requested access to an object, but has not been granted those access rights. (0xc0000022)
[1028/140912.831:ERROR:exception_snapshot_win.cc(99)] thread ID 11404 not found in process
[1028/140912.837:ERROR:process_reader_win.cc(123)] NtOpenThread: {Access Denied} A process has requested access to an object, but has not been granted those access rights. (0xc0000022)
[1028/140912.838:ERROR:exception_snapshot_win.cc(99)] thread ID 9972 not found in process
[1028/141358.731:ERROR:process_reader_win.cc(123)] NtOpenThread: {Access Denied} A process has requested access to an object, but has not been granted those access rights. (0xc0000022)
[1028/141358.734:ERROR:process_reader_win.cc(123)] NtOpenThread: {Access Denied} A process has requested access to an object, but has not been granted those access rights. (0xc0000022)
[1028/141358.809:ERROR:exception_snapshot_win.cc(99)] thread ID 11700 not found in process
[1028/141358.809:ERROR:exception_snapshot_win.cc(99)] thread ID 9820 not found in process
[1028/141358.837:ERROR:process_reader_win.cc(123)] NtOpenThread: {Access Denied} A process has requested access to an object, but has not been granted those access rights. (0xc0000022)
[1028/141358.837:ERROR:exception_snapshot_win.cc(99)] thread ID 7720 not found in process
[1028/141720.406:ERROR:process_reader_win.cc(123)] NtOpenThread: {Access Denied} A process has requested access to an object, but has not been granted those access rights. (0xc0000022)
[1028/141720.404:ERROR:process_reader_win.cc(123)] NtOpenThread: {Access Denied} A process has requested access to an object, but has not been granted those access rights. (0xc0000022)
[1028/141720.412:ERROR:process_reader_win.cc(123)] NtOpenThread: {Access Denied} A process has requested access to an object, but has not been granted those access rights. (0xc0000022)
[1028/141720.464:ERROR:exception_snapshot_win.cc(99)] thread ID 3012 not found in process
[1028/141720.464:ERROR:exception_snapshot_win.cc(99)] thread ID 2536 not found in process
[1028/141720.464:ERROR:exception_snapshot_win.cc(99)] thread ID 5332 not found in process
[1028/141912.643:ERROR:process_reader_win.cc(123)] NtOpenThread: {Access Denied} A process has requested access to an object, but has not been granted those access rights. (0xc0000022)
[1028/141912.609:ERROR:process_reader_win.cc(123)] NtOpenThread: {Access Denied} A process has requested access to an object, but has not been granted those access rights. (0xc0000022)
[1028/141912.689:ERROR:exception_snapshot_win.cc(99)] thread ID 10032 not found in process
[1028/141912.689:ERROR:exception_snapshot_win.cc(99)] thread ID 2296 not found in process
[1028/142050.641:ERROR:process_reader_win.cc(151)] SuspendThread: Access is denied. (0x5)
[1028/142050.650:ERROR:process_reader_win.cc(123)] NtOpenThread: {Access Denied} A process has requested access to an object, but has not been granted those access rights. (0xc0000022)
[1028/142050.658:ERROR:exception_snapshot_win.cc(99)] thread ID 11112 not found in process
[1028/142050.665:ERROR:process_reader_win.cc(123)] NtOpenThread: {Access Denied} A process has requested access to an object, but has not been granted those access rights. (0xc0000022)
[1028/142050.665:ERROR:exception_snapshot_win.cc(99)] thread ID 12268 not found in process
[1028/142810.639:ERROR:process_reader_win.cc(123)] NtOpenThread: {Access Denied} A process has requested access to an object, but has not been granted those access rights. (0xc0000022)
[1028/142810.783:ERROR:exception_snapshot_win.cc(99)] thread ID 9588 not found in process
[1028/142810.916:ERROR:process_reader_win.cc(123)] NtOpenThread: {Access Denied} A process has requested access to an object, but has not been granted those access rights. (0xc0000022)
[1028/142810.916:ERROR:exception_snapshot_win.cc(99)] thread ID 5160 not found in process
[1028/142928.964:ERROR:process_reader_win.cc(123)] NtOpenThread: {Access Denied} A process has requested access to an object, but has not been granted those access rights. (0xc0000022)
[1028/142928.965:ERROR:exception_snapshot_win.cc(99)] thread ID 9796 not found in process
[1028/142928.985:ERROR:process_reader_win.cc(123)] NtOpenThread: {Access Denied} A process has requested access to an object, but has not been granted those access rights. (0xc0000022)
[1028/142928.985:ERROR:exception_snapshot_win.cc(99)] thread ID 9060 not found in process
[1028/143151.900:ERROR:process_reader_win.cc(123)] NtOpenThread: {Access Denied} A process has requested access to an object, but has not been granted those access rights. (0xc0000022)
[1028/143151.985:ERROR:process_reader_win.cc(123)] NtOpenThread: {Access Denied} A process has requested access to an object, but has not been granted those access rights. (0xc0000022)
[1028/143152.026:ERROR:exception_snapshot_win.cc(99)] thread ID 8132 not found in process
[1028/143152.026:ERROR:exception_snapshot_win.cc(99)] thread ID 8176 not found in process
[1028/143656.340:ERROR:process_reader_win.cc(123)] NtOpenThread: {Access Denied} A process has requested access to an object, but has not been granted those access rights. (0xc0000022)
[1028/143656.340:ERROR:process_reader_win.cc(123)] NtOpenThread: {Access Denied} A process has requested access to an object, but has not been granted those access rights. (0xc0000022)
[1028/143656.401:ERROR:exception_snapshot_win.cc(99)] thread ID 5428 not found in process
[1028/143656.401:ERROR:exception_snapshot_win.cc(99)] thread ID 9716 not found in process
[1028/144218.760:ERROR:process_reader_win.cc(123)] NtOpenThread: {Access Denied} A process has requested access to an object, but has not been granted those access rights. (0xc0000022)
[1028/144218.903:ERROR:exception_snapshot_win.cc(99)] thread ID 6728 not found in process
[1028/144218.975:ERROR:process_reader_win.cc(123)] NtOpenThread: {Access Denied} A process has requested access to an object, but has not been granted those access rights. (0xc0000022)
[1028/144218.976:ERROR:exception_snapshot_win.cc(99)] thread ID 10108 not found in process
[1028/144446.542:ERROR:process_reader_win.cc(123)] NtOpenThread: {Access Denied} A process has requested access to an object, but has not been granted those access rights. (0xc0000022)
[1028/144446.534:ERROR:process_reader_win.cc(123)] NtOpenThread: {Access Denied} A process has requested access to an object, but has not been granted those access rights. (0xc0000022)
[1028/144446.609:ERROR:exception_snapshot_win.cc(99)] thread ID 10924 not found in process
[1028/144446.609:ERROR:exception_snapshot_win.cc(99)] thread ID 7188 not found in process
[1028/144813.678:ERROR:process_reader_win.cc(123)] NtOpenThread: {Access Denied} A process has requested access to an object, but has not been granted those access rights. (0xc0000022)
[1028/144813.676:ERROR:process_reader_win.cc(123)] NtOpenThread: {Access Denied} A process has requested access to an object, but has not been granted those access rights. (0xc0000022)
[1028/144813.779:ERROR:exception_snapshot_win.cc(99)] thread ID 10380 not found in process
[1028/144813.779:ERROR:exception_snapshot_win.cc(99)] thread ID 9300 not found in process
[1028/145530.452:ERROR:process_reader_win.cc(123)] NtOpenThread: {Access Denied} A process has requested access to an object, but has not been granted those access rights. (0xc0000022)
[1028/145530.454:ERROR:process_reader_win.cc(123)] NtOpenThread: {Access Denied} A process has requested access to an object, but has not been granted those access rights. (0xc0000022)
[1028/145530.490:ERROR:exception_snapshot_win.cc(99)] thread ID 536 not found in process
[1028/145530.490:ERROR:exception_snapshot_win.cc(99)] thread ID 7244 not found in process
[1028/145530.615:ERROR:process_reader_win.cc(123)] NtOpenThread: {Access Denied} A process has requested access to an object, but has not been granted those access rights. (0xc0000022)
[1028/145530.615:ERROR:exception_snapshot_win.cc(99)] thread ID 7520 not found in process
[1028/145652.134:ERROR:process_reader_win.cc(123)] NtOpenThread: {Access Denied} A process has requested access to an object, but has not been granted those access rights. (0xc0000022)
[1028/145652.141:ERROR:process_reader_win.cc(123)] NtOpenThread: {Access Denied} A process has requested access to an object, but has not been granted those access rights. (0xc0000022)
[1028/145652.221:ERROR:exception_snapshot_win.cc(99)] thread ID 8356 not found in process
[1028/145652.221:ERROR:exception_snapshot_win.cc(99)] thread ID 11640 not found in process
[1028/145831.223:ERROR:process_reader_win.cc(123)] NtOpenThread: {Access Denied} A process has requested access to an object, but has not been granted those access rights. (0xc0000022)
[1028/145831.297:ERROR:exception_snapshot_win.cc(99)] thread ID 9024 not found in process
[1028/145831.218:ERROR:process_reader_win.cc(123)] NtOpenThread: {Access Denied} A process has requested access to an object, but has not been granted those access rights. (0xc0000022)
[1028/145831.298:ERROR:exception_snapshot_win.cc(99)] thread ID 2708 not found in process
[1028/145949.711:ERROR:process_reader_win.cc(123)] NtOpenThread: {Access Denied} A process has requested access to an object, but has not been granted those access rights. (0xc0000022)
[1028/145949.733:ERROR:process_reader_win.cc(123)] NtOpenThread: {Access Denied} A process has requested access to an object, but has not been granted those access rights. (0xc0000022)
[1028/145949.743:ERROR:exception_snapshot_win.cc(99)] thread ID 5588 not found in process
[1028/145949.743:ERROR:exception_snapshot_win.cc(99)] thread ID 6348 not found in process
[1028/150100.666:ERROR:process_reader_win.cc(123)] NtOpenThread: {Access Denied} A process has requested access to an object, but has not been granted those access rights. (0xc0000022)
[1028/150100.747:ERROR:exception_snapshot_win.cc(99)] thread ID 11220 not found in process
[1028/150100.666:ERROR:process_reader_win.cc(123)] NtOpenThread: {Access Denied} A process has requested access to an object, but has not been granted those access rights. (0xc0000022)
[1028/150100.748:ERROR:exception_snapshot_win.cc(99)] thread ID 9436 not found in process
[1028/150153.394:ERROR:process_reader_win.cc(151)] SuspendThread: Access is denied. (0x5)
[1028/150153.507:ERROR:process_reader_win.cc(123)] NtOpenThread: {Access Denied} A process has requested access to an object, but has not been granted those access rights. (0xc0000022)
[1028/150153.394:ERROR:process_reader_win.cc(123)] NtOpenThread: {Access Denied} A process has requested access to an object, but has not been granted those access rights. (0xc0000022)
[1028/150153.492:ERROR:process_reader_win.cc(123)] NtOpenThread: {Access Denied} A process has requested access to an object, but has not been granted those access rights. (0xc0000022)
[1028/150153.577:ERROR:exception_snapshot_win.cc(99)] thread ID 8644 not found in process
[1028/150153.577:ERROR:exception_snapshot_win.cc(99)] thread ID 11540 not found in process
[1028/150153.577:ERROR:exception_snapshot_win.cc(99)] thread ID 9760 not found in process
[1028/150500.935:ERROR:process_reader_win.cc(123)] NtOpenThread: {Access Denied} A process has requested access to an object, but has not been granted those access rights. (0xc0000022)
[1028/150500.923:ERROR:process_reader_win.cc(123)] NtOpenThread: {Access Denied} A process has requested access to an object, but has not been granted those access rights. (0xc0000022)
[1028/150500.989:ERROR:exception_snapshot_win.cc(99)] thread ID 10284 not found in process
[1028/150500.989:ERROR:exception_snapshot_win.cc(99)] thread ID 996 not found in process
[1028/150811.299:ERROR:process_reader_win.cc(123)] NtOpenThread: {Access Denied} A process has requested access to an object, but has not been granted those access rights. (0xc0000022)
[1028/150811.398:ERROR:exception_snapshot_win.cc(99)] thread ID 7448 not found in process
[1028/150811.433:ERROR:process_reader_win.cc(123)] NtOpenThread: {Access Denied} A process has requested access to an object, but has not been granted those access rights. (0xc0000022)
[1028/150811.433:ERROR:exception_snapshot_win.cc(99)] thread ID 11100 not found in process
[1028/151017.867:ERROR:process_reader_win.cc(151)] SuspendThread: Access is denied. (0x5)
[1028/151017.878:ERROR:process_reader_win.cc(123)] NtOpenThread: {Access Denied} A process has requested access to an object, but has not been granted those access rights. (0xc0000022)
[1028/151017.881:ERROR:process_reader_win.cc(123)] NtOpenThread: {Access Denied} A process has requested access to an object, but has not been granted those access rights. (0xc0000022)
[1028/151017.897:ERROR:exception_snapshot_win.cc(99)] thread ID 9164 not found in process
[1028/151017.897:ERROR:exception_snapshot_win.cc(99)] thread ID 7908 not found in process
[1028/151335.920:ERROR:process_reader_win.cc(151)] SuspendThread: Access is denied. (0x5)
[1028/151335.928:ERROR:process_reader_win.cc(123)] NtOpenThread: {Access Denied} A process has requested access to an object, but has not been granted those access rights. (0xc0000022)
[1028/151335.980:ERROR:exception_snapshot_win.cc(99)] thread ID 10252 not found in process
[1028/151335.991:ERROR:process_reader_win.cc(123)] NtOpenThread: {Access Denied} A process has requested access to an object, but has not been granted those access rights. (0xc0000022)
[1028/151335.991:ERROR:exception_snapshot_win.cc(99)] thread ID 7292 not found in process
[1028/151726.628:ERROR:process_reader_win.cc(123)] NtOpenThread: {Access Denied} A process has requested access to an object, but has not been granted those access rights. (0xc0000022)
[1028/151726.742:ERROR:exception_snapshot_win.cc(99)] thread ID 7656 not found in process
[1028/151726.628:ERROR:process_reader_win.cc(123)] NtOpenThread: {Access Denied} A process has requested access to an object, but has not been granted those access rights. (0xc0000022)
[1028/151726.742:ERROR:exception_snapshot_win.cc(99)] thread ID 10728 not found in process
[1028/151726.829:ERROR:process_reader_win.cc(123)] NtOpenThread: {Access Denied} A process has requested access to an object, but has not been granted those access rights. (0xc0000022)
[1028/151726.829:ERROR:process_reader_win.cc(123)] NtOpenThread: {Access Denied} A process has requested access to an object, but has not been granted those access rights. (0xc0000022)
[1028/151726.829:ERROR:exception_snapshot_win.cc(99)] thread ID 11484 not found in process
[1028/151726.829:ERROR:exception_snapshot_win.cc(99)] thread ID 6648 not found in process
[1028/152314.473:ERROR:process_reader_win.cc(123)] NtOpenThread: {Access Denied} A process has requested access to an object, but has not been granted those access rights. (0xc0000022)
[1028/152314.473:ERROR:process_reader_win.cc(123)] NtOpenThread: {Access Denied} A process has requested access to an object, but has not been granted those access rights. (0xc0000022)
[1028/152314.598:ERROR:exception_snapshot_win.cc(99)] thread ID 1548 not found in process
[1028/152314.598:ERROR:exception_snapshot_win.cc(99)] thread ID 6524 not found in process
[1028/152502.396:ERROR:process_reader_win.cc(123)] NtOpenThread: {Access Denied} A process has requested access to an object, but has not been granted those access rights. (0xc0000022)
[1028/152502.385:ERROR:process_reader_win.cc(123)] NtOpenThread: {Access Denied} A process has requested access to an object, but has not been granted those access rights. (0xc0000022)
[1028/152502.536:ERROR:exception_snapshot_win.cc(99)] thread ID 3640 not found in process
[1028/152502.536:ERROR:exception_snapshot_win.cc(99)] thread ID 4864 not found in process
[1028/152723.431:ERROR:process_reader_win.cc(123)] NtOpenThread: {Access Denied} A process has requested access to an object, but has not been granted those access rights. (0xc0000022)
[1028/152723.435:ERROR:process_reader_win.cc(123)] NtOpenThread: {Access Denied} A process has requested access to an object, but has not been granted those access rights. (0xc0000022)
[1028/152723.502:ERROR:exception_snapshot_win.cc(99)] thread ID 7700 not found in process
[1028/152723.502:ERROR:exception_snapshot_win.cc(99)] thread ID 6568 not found in process
[1028/152811.533:ERROR:process_reader_win.cc(151)] SuspendThread: Access is denied. (0x5)
[1028/152811.534:ERROR:process_reader_win.cc(123)] NtOpenThread: {Access Denied} A process has requested access to an object, but has not been granted those access rights. (0xc0000022)
[1028/152811.535:ERROR:exception_snapshot_win.cc(99)] thread ID 4664 not found in process
[1028/152811.538:ERROR:process_reader_win.cc(151)] SuspendThread: Access is denied. (0x5)
[1028/152811.539:ERROR:process_reader_win.cc(123)] NtOpenThread: {Access Denied} A process has requested access to an object, but has not been granted those access rights. (0xc0000022)
[1028/152811.539:ERROR:exception_snapshot_win.cc(99)] thread ID 7644 not found in process
[1028/152811.574:ERROR:process_reader_win.cc(123)] NtOpenThread: {Access Denied} A process has requested access to an object, but has not been granted those access rights. (0xc0000022)
[1028/152811.574:ERROR:exception_snapshot_win.cc(99)] thread ID 11792 not found in process
[1028/152912.563:ERROR:process_reader_win.cc(123)] NtOpenThread: {Access Denied} A process has requested access to an object, but has not been granted those access rights. (0xc0000022)
[1028/152912.565:ERROR:exception_snapshot_win.cc(99)] thread ID 4692 not found in process
[1028/152912.588:ERROR:process_reader_win.cc(123)] NtOpenThread: {Access Denied} A process has requested access to an object, but has not been granted those access rights. (0xc0000022)
[1028/152912.588:ERROR:exception_snapshot_win.cc(99)] thread ID 7768 not found in process
[1028/152912.605:ERROR:process_reader_win.cc(123)] NtOpenThread: {Access Denied} A process has requested access to an object, but has not been granted those access rights. (0xc0000022)
[1028/152912.606:ERROR:exception_snapshot_win.cc(99)] thread ID 11596 not found in process
[1028/153030.886:ERROR:process_reader_win.cc(151)] SuspendThread: Access is denied. (0x5)
[1028/153030.887:ERROR:process_reader_win.cc(123)] NtOpenThread: {Access Denied} A process has requested access to an object, but has not been granted those access rights. (0xc0000022)
[1028/153030.888:ERROR:exception_snapshot_win.cc(99)] thread ID 12252 not found in process
[1028/153030.900:ERROR:process_reader_win.cc(151)] SuspendThread: Access is denied. (0x5)
[1028/153030.900:ERROR:process_reader_win.cc(123)] NtOpenThread: {Access Denied} A process has requested access to an object, but has not been granted those access rights. (0xc0000022)
[1028/153030.900:ERROR:exception_snapshot_win.cc(99)] thread ID 10776 not found in process
[1028/153030.939:ERROR:process_reader_win.cc(123)] NtOpenThread: {Access Denied} A process has requested access to an object, but has not been granted those access rights. (0xc0000022)
[1028/153030.940:ERROR:exception_snapshot_win.cc(99)] thread ID 3808 not found in process
[1028/153127.329:ERROR:process_reader_win.cc(123)] NtOpenThread: {Access Denied} A process has requested access to an object, but has not been granted those access rights. (0xc0000022)
[1028/153127.346:ERROR:exception_snapshot_win.cc(99)] thread ID 10252 not found in process
[1028/153127.350:ERROR:process_reader_win.cc(123)] NtOpenThread: {Access Denied} A process has requested access to an object, but has not been granted those access rights. (0xc0000022)
[1028/153127.351:ERROR:exception_snapshot_win.cc(99)] thread ID 2852 not found in process
[1028/153240.125:ERROR:process_reader_win.cc(123)] NtOpenThread: {Access Denied} A process has requested access to an object, but has not been granted those access rights. (0xc0000022)
[1028/153240.127:ERROR:exception_snapshot_win.cc(99)] thread ID 7464 not found in process
[1028/153240.169:ERROR:process_reader_win.cc(123)] NtOpenThread: {Access Denied} A process has requested access to an object, but has not been granted those access rights. (0xc0000022)
[1028/153240.169:ERROR:exception_snapshot_win.cc(99)] thread ID 2580 not found in process
[1028/153422.783:ERROR:process_reader_win.cc(151)] SuspendThread: Access is denied. (0x5)
[1028/153422.799:ERROR:process_reader_win.cc(123)] NtOpenThread: {Access Denied} A process has requested access to an object, but has not been granted those access rights. (0xc0000022)
[1028/153422.851:ERROR:exception_snapshot_win.cc(99)] thread ID 11712 not found in process
[1028/153422.851:ERROR:process_reader_win.cc(123)] NtOpenThread: An invalid Client ID was specified. (0xc000000b)
[1028/153422.851:ERROR:process_reader_win.cc(123)] NtOpenThread: {Access Denied} A process has requested access to an object, but has not been granted those access rights. (0xc0000022)
[1028/153422.851:ERROR:exception_snapshot_win.cc(99)] thread ID 8708 not found in process
[1028/153422.851:ERROR:scoped_process_suspend.cc(40)] NtResumeProcess: An attempt was made to access an exiting process. (0xc000010a)
[1028/153422.851:ERROR:scoped_process_suspend.cc(40)] NtResumeProcess: An attempt was made to access an exiting process. (0xc000010a)
[1028/153605.594:ERROR:process_reader_win.cc(151)] SuspendThread: Access is denied. (0x5)
[1028/153605.630:ERROR:process_reader_win.cc(151)] SuspendThread: Access is denied. (0x5)
[1028/153605.612:ERROR:process_reader_win.cc(123)] NtOpenThread: {Access Denied} A process has requested access to an object, but has not been granted those access rights. (0xc0000022)
[1028/153605.630:ERROR:process_reader_win.cc(123)] NtOpenThread: {Access Denied} A process has requested access to an object, but has not been granted those access rights. (0xc0000022)
[1028/153605.644:ERROR:exception_snapshot_win.cc(99)] thread ID 72 not found in process
[1028/153605.644:ERROR:exception_snapshot_win.cc(99)] thread ID 11480 not found in process
[1028/153836.890:ERROR:process_reader_win.cc(123)] NtOpenThread: {Access Denied} A process has requested access to an object, but has not been granted those access rights. (0xc0000022)
[1028/153836.983:ERROR:exception_snapshot_win.cc(99)] thread ID 11644 not found in process
[1028/153837.131:ERROR:process_reader_win.cc(123)] NtOpenThread: {Access Denied} A process has requested access to an object, but has not been granted those access rights. (0xc0000022)
[1028/153837.131:ERROR:exception_snapshot_win.cc(99)] thread ID 12164 not found in process
[1028/153959.389:ERROR:process_reader_win.cc(151)] SuspendThread: Access is denied. (0x5)
[1028/153959.391:ERROR:process_reader_win.cc(123)] NtOpenThread: {Access Denied} A process has requested access to an object, but has not been granted those access rights. (0xc0000022)
[1028/153959.391:ERROR:exception_snapshot_win.cc(99)] thread ID 1636 not found in process
[1028/153959.403:ERROR:process_reader_win.cc(123)] NtOpenThread: {Access Denied} A process has requested access to an object, but has not been granted those access rights. (0xc0000022)
[1028/153959.403:ERROR:exception_snapshot_win.cc(99)] thread ID 7948 not found in process
[1028/153959.419:ERROR:process_reader_win.cc(123)] NtOpenThread: {Access Denied} A process has requested access to an object, but has not been granted those access rights. (0xc0000022)
[1028/153959.420:ERROR:exception_snapshot_win.cc(99)] thread ID 8320 not found in process
[1028/154231.570:ERROR:process_reader_win.cc(123)] NtOpenThread: {Access Denied} A process has requested access to an object, but has not been granted those access rights. (0xc0000022)
[1028/154231.572:ERROR:exception_snapshot_win.cc(99)] thread ID 10736 not found in process
[1028/154231.602:ERROR:process_reader_win.cc(123)] NtOpenThread: {Access Denied} A process has requested access to an object, but has not been granted those access rights. (0xc0000022)
[1028/154231.602:ERROR:exception_snapshot_win.cc(99)] thread ID 10744 not found in process
[1028/154327.196:ERROR:process_reader_win.cc(123)] NtOpenThread: {Access Denied} A process has requested access to an object, but has not been granted those access rights. (0xc0000022)
[1028/154327.223:ERROR:process_reader_win.cc(123)] NtOpenThread: {Access Denied} A process has requested access to an object, but has not been granted those access rights. (0xc0000022)
[1028/154327.555:ERROR:exception_snapshot_win.cc(99)] thread ID 11100 not found in process
[1028/154327.555:ERROR:exception_snapshot_win.cc(99)] thread ID 10208 not found in process
[1028/175758.711:ERROR:process_reader_win.cc(123)] NtOpenThread: {Access Denied} A process has requested access to an object, but has not been granted those access rights. (0xc0000022)
[1028/175758.816:ERROR:exception_snapshot_win.cc(99)] thread ID 13192 not found in process
[1028/175758.711:ERROR:process_reader_win.cc(123)] NtOpenThread: {Access Denied} A process has requested access to an object, but has not been granted those access rights. (0xc0000022)
[1028/175758.816:ERROR:exception_snapshot_win.cc(99)] thread ID 12448 not found in process
[1028/182003.535:ERROR:process_reader_win.cc(151)] SuspendThread: Access is denied. (0x5)
[1028/182003.576:ERROR:process_reader_win.cc(151)] SuspendThread: Access is denied. (0x5)
[1028/182003.576:ERROR:process_reader_win.cc(151)] SuspendThread: Access is denied. (0x5)
[1028/182003.558:ERROR:process_reader_win.cc(123)] NtOpenThread: {Access Denied} A process has requested access to an object, but has not been granted those access rights. (0xc0000022)
[1028/182003.577:ERROR:exception_snapshot_win.cc(99)] thread ID 12728 not found in process
[1028/182003.576:ERROR:process_reader_win.cc(123)] NtOpenThread: {Access Denied} A process has requested access to an object, but has not been granted those access rights. (0xc0000022)
[1028/182003.579:ERROR:exception_snapshot_win.cc(99)] thread ID 12716 not found in process
[1028/182003.899:ERROR:process_reader_win.cc(151)] SuspendThread: Access is denied. (0x5)
[1028/182003.900:ERROR:process_reader_win.cc(151)] SuspendThread: Access is denied. (0x5)
[1028/182003.900:ERROR:process_reader_win.cc(151)] SuspendThread: Access is denied. (0x5)
[1028/182003.900:ERROR:process_reader_win.cc(151)] SuspendThread: Access is denied. (0x5)
[1028/182003.900:ERROR:process_reader_win.cc(123)] NtOpenThread: {Access Denied} A process has requested access to an object, but has not been granted those access rights. (0xc0000022)
[1028/182003.900:ERROR:exception_snapshot_win.cc(99)] thread ID 4376 not found in process
